   1               		.file	"waveform.c"
   2               	__SREG__ = 0x3f
   3               	__SP_H__ = 0x3e
   4               	__SP_L__ = 0x3d
   5               	__CCP__  = 0x34
   6               	__tmp_reg__ = 0
   7               	__zero_reg__ = 1
  15               	.Ltext0:
  16               	.global	squareWave
  18               	squareWave:
  19               	.LFB6:
  20               	.LM1:
  21               	.LVL0:
  22 0000 2F92      		push r2
  23 0002 3F92      		push r3
  24 0004 4F92      		push r4
  25 0006 5F92      		push r5
  26 0008 6F92      		push r6
  27 000a 7F92      		push r7
  28 000c 8F92      		push r8
  29 000e 9F92      		push r9
  30 0010 AF92      		push r10
  31 0012 BF92      		push r11
  32 0014 CF92      		push r12
  33 0016 DF92      		push r13
  34 0018 EF92      		push r14
  35 001a FF92      		push r15
  36 001c 0F93      		push r16
  37 001e 1F93      		push r17
  38 0020 DF93      		push r29
  39 0022 CF93      		push r28
  40 0024 0F92      		push __tmp_reg__
  41 0026 CDB7      		in r28,__SP_L__
  42 0028 DEB7      		in r29,__SP_H__
  43               	/* prologue: function */
  44               	/* frame size = 1 */
  45 002a 8983      		std Y+1,r24
  46               	.LM2:
  47 002c 8FEF      		ldi r24,lo8(-1)
  48               	.LVL1:
  49 002e 87BB      		out 55-32,r24
  50               	.LM3:
  51 0030 18BA      		out 56-32,__zero_reg__
  52               	.LM4:
  53 0032 84EF      		ldi r24,lo8(500)
  54 0034 91E0      		ldi r25,hi8(500)
  55 0036 861B      		sub r24,r22
  56 0038 9109      		sbc r25,__zero_reg__
  57 003a 880F      		lsl r24
  58 003c 991F      		rol r25
  59 003e AA27      		clr r26
  60 0040 97FD      		sbrc r25,7
  61 0042 A095      		com r26
  62 0044 BA2F      		mov r27,r26
  63 0046 BC01      		movw r22,r24
  64 0048 CD01      		movw r24,r26
  65               	.LVL2:
  66 004a 0E94 0000 		call __floatsisf
  67 004e 1B01      		movw r2,r22
  68 0050 2C01      		movw r4,r24
  69               	.LBB117:
  70               	.LBB118:
  71               	.LM5:
  72 0052 2BEA      		ldi r18,lo8(0x402aaaab)
  73 0054 3AEA      		ldi r19,hi8(0x402aaaab)
  74 0056 4AE2      		ldi r20,hlo8(0x402aaaab)
  75 0058 50E4      		ldi r21,hhi8(0x402aaaab)
  76 005a 0E94 0000 		call __mulsf3
  77 005e 5B01      		movw r10,r22
  78 0060 6C01      		movw r12,r24
  79               	.LVL3:
  80               	.LM6:
  81 0062 20E0      		ldi r18,lo8(0x3f800000)
  82 0064 30E0      		ldi r19,hi8(0x3f800000)
  83 0066 40E8      		ldi r20,hlo8(0x3f800000)
  84 0068 5FE3      		ldi r21,hhi8(0x3f800000)
  85 006a 0E94 0000 		call __ltsf2
  86 006e 8823      		tst r24
  87 0070 04F4      		brge .L37
  88 0072 61E0      		ldi r22,lo8(1)
  89               	.LVL4:
  90 0074 00C0      		rjmp .L4
  91               	.LVL5:
  92               	.L37:
  93               	.LM7:
  94 0076 C601      		movw r24,r12
  95 0078 B501      		movw r22,r10
  96 007a 20E0      		ldi r18,lo8(0x437f0000)
  97 007c 30E0      		ldi r19,hi8(0x437f0000)
  98 007e 4FE7      		ldi r20,hlo8(0x437f0000)
  99 0080 53E4      		ldi r21,hhi8(0x437f0000)
 100 0082 0E94 0000 		call __gtsf2
 101 0086 1816      		cp __zero_reg__,r24
 102 0088 04F0      		brlt .+2
 103 008a 00C0      		rjmp .L38
 104               	.LM8:
 105 008c C201      		movw r24,r4
 106 008e B101      		movw r22,r2
 107 0090 20E0      		ldi r18,lo8(0x447a0000)
 108 0092 30E0      		ldi r19,hi8(0x447a0000)
 109 0094 4AE7      		ldi r20,hlo8(0x447a0000)
 110 0096 54E4      		ldi r21,hhi8(0x447a0000)
 111 0098 0E94 0000 		call __divsf3
 112 009c 3B01      		movw r6,r22
 113 009e 4C01      		movw r8,r24
 114               	.LBB119:
 115               	.LBB120:
 116               	.LM9:
 117 00a0 20E0      		ldi r18,lo8(0x44fa0000)
 118 00a2 30E0      		ldi r19,hi8(0x44fa0000)
 119 00a4 4AEF      		ldi r20,hlo8(0x44fa0000)
 120 00a6 54E4      		ldi r21,hhi8(0x44fa0000)
 121 00a8 0E94 0000 		call __mulsf3
 122 00ac 7B01      		movw r14,r22
 123 00ae 8C01      		movw r16,r24
 124               	.LM10:
 125 00b0 20E0      		ldi r18,lo8(0x3f800000)
 126 00b2 30E0      		ldi r19,hi8(0x3f800000)
 127 00b4 40E8      		ldi r20,hlo8(0x3f800000)
 128 00b6 5FE3      		ldi r21,hhi8(0x3f800000)
 129 00b8 0E94 0000 		call __ltsf2
 130 00bc 8823      		tst r24
 131 00be 04F4      		brge .L39
 132 00c0 61E0      		ldi r22,lo8(1)
 133 00c2 70E0      		ldi r23,hi8(1)
 134               	.LVL6:
 135 00c4 00C0      		rjmp .L9
 136               	.LVL7:
 137               	.L39:
 138               	.LM11:
 139 00c6 C801      		movw r24,r16
 140 00c8 B701      		movw r22,r14
 141 00ca 20E0      		ldi r18,lo8(0x477fff00)
 142 00cc 3FEF      		ldi r19,hi8(0x477fff00)
 143 00ce 4FE7      		ldi r20,hlo8(0x477fff00)
 144 00d0 57E4      		ldi r21,hhi8(0x477fff00)
 145 00d2 0E94 0000 		call __gtsf2
 146 00d6 1816      		cp __zero_reg__,r24
 147 00d8 04F4      		brge .L40
 148               	.LM12:
 149 00da C401      		movw r24,r8
 150 00dc B301      		movw r22,r6
 151 00de 20E0      		ldi r18,lo8(0x41200000)
 152 00e0 30E0      		ldi r19,hi8(0x41200000)
 153 00e2 40E2      		ldi r20,hlo8(0x41200000)
 154 00e4 51E4      		ldi r21,hhi8(0x41200000)
 155 00e6 0E94 0000 		call __mulsf3
 156 00ea 0E94 0000 		call __fixunssfsi
 157               	.LBB121:
 158               	.LBB122:
 159               	.LM13:
 160 00ee 88EC      		ldi r24,lo8(200)
 161 00f0 90E0      		ldi r25,hi8(200)
 162 00f2 00C0      		rjmp .L12
 163               	.LVL8:
 164               	.L13:
 165 00f4 FC01      		movw r30,r24
 166               	/* #APP */
 167               	 ;  105 "c:/winavr-20100110/lib/gcc/../../avr/include/util/delay_basic.h" 1
 168 00f6 3197      		1: sbiw r30,1
 169 00f8 01F4      		brne 1b
 170               	 ;  0 "" 2
 171               	/* #NOAPP */
 172               	.LBE122:
 173               	.LBE121:
 174               	.LM14:
 175 00fa 6150      		subi r22,lo8(-(-1))
 176 00fc 7040      		sbci r23,hi8(-(-1))
 177               	.L12:
 178               	.LM15:
 179 00fe 6115      		cp r22,__zero_reg__
 180 0100 7105      		cpc r23,__zero_reg__
 181 0102 01F4      		brne .L13
 182 0104 00C0      		rjmp .L14
 183               	.LVL9:
 184               	.L40:
 185               	.LM16:
 186 0106 C801      		movw r24,r16
 187 0108 B701      		movw r22,r14
 188 010a 0E94 0000 		call __fixunssfsi
 189               	.LVL10:
 190               	.L9:
 191               	.LBB123:
 192               	.LBB124:
 193               	.LM17:
 194 010e CB01      		movw r24,r22
 195               	.LVL11:
 196               	/* #APP */
 197               	 ;  105 "c:/winavr-20100110/lib/gcc/../../avr/include/util/delay_basic.h" 1
 198 0110 0197      		1: sbiw r24,1
 199 0112 01F4      		brne 1b
 200               	 ;  0 "" 2
 201               	/* #NOAPP */
 202 0114 00C0      		rjmp .L14
 203               	.LVL12:
 204               	.L38:
 205               	.LBE124:
 206               	.LBE123:
 207               	.LBE120:
 208               	.LBE119:
 209               	.LM18:
 210 0116 C601      		movw r24,r12
 211 0118 B501      		movw r22,r10
 212 011a 0E94 0000 		call __fixunssfsi
 213               	.LVL13:
 214               	.L4:
 215               	.LBB125:
 216               	.LBB126:
 217               	.LM19:
 218               	/* #APP */
 219               	 ;  83 "c:/winavr-20100110/lib/gcc/../../avr/include/util/delay_basic.h" 1
 220 011e 6A95      		1: dec r22
 221 0120 01F4      		brne 1b
 222               	 ;  0 "" 2
 223               	.LVL14:
 224               	/* #NOAPP */
 225               	.L14:
 226               	.LBE126:
 227               	.LBE125:
 228               	.LBE118:
 229               	.LBE117:
 230               	.LM20:
 231 0122 8981      		ldd r24,Y+1
 232               	.LVL15:
 233 0124 88BB      		out 56-32,r24
 234               	.LBB127:
 235               	.LBB128:
 236               	.LM21:
 237 0126 C601      		movw r24,r12
 238 0128 B501      		movw r22,r10
 239               	.LVL16:
 240 012a 20E0      		ldi r18,lo8(0x3f800000)
 241 012c 30E0      		ldi r19,hi8(0x3f800000)
 242 012e 40E8      		ldi r20,hlo8(0x3f800000)
 243 0130 5FE3      		ldi r21,hhi8(0x3f800000)
 244 0132 0E94 0000 		call __ltsf2
 245               	.LVL17:
 246 0136 8823      		tst r24
 247 0138 04F4      		brge .L41
 248 013a 61E0      		ldi r22,lo8(1)
 249               	.LVL18:
 250 013c 00C0      		rjmp .L17
 251               	.LVL19:
 252               	.L41:
 253               	.LM22:
 254 013e C601      		movw r24,r12
 255 0140 B501      		movw r22,r10
 256 0142 20E0      		ldi r18,lo8(0x437f0000)
 257 0144 30E0      		ldi r19,hi8(0x437f0000)
 258 0146 4FE7      		ldi r20,hlo8(0x437f0000)
 259 0148 53E4      		ldi r21,hhi8(0x437f0000)
 260 014a 0E94 0000 		call __gtsf2
 261 014e 1816      		cp __zero_reg__,r24
 262 0150 04F0      		brlt .+2
 263 0152 00C0      		rjmp .L42
 264               	.LM23:
 265 0154 C201      		movw r24,r4
 266 0156 B101      		movw r22,r2
 267 0158 20E0      		ldi r18,lo8(0x447a0000)
 268 015a 30E0      		ldi r19,hi8(0x447a0000)
 269 015c 4AE7      		ldi r20,hlo8(0x447a0000)
 270 015e 54E4      		ldi r21,hhi8(0x447a0000)
 271 0160 0E94 0000 		call __divsf3
 272 0164 5B01      		movw r10,r22
 273 0166 6C01      		movw r12,r24
 274               	.LVL20:
 275               	.LBB129:
 276               	.LBB130:
 277               	.LM24:
 278 0168 20E0      		ldi r18,lo8(0x44fa0000)
 279 016a 30E0      		ldi r19,hi8(0x44fa0000)
 280 016c 4AEF      		ldi r20,hlo8(0x44fa0000)
 281 016e 54E4      		ldi r21,hhi8(0x44fa0000)
 282 0170 0E94 0000 		call __mulsf3
 283 0174 7B01      		movw r14,r22
 284 0176 8C01      		movw r16,r24
 285               	.LM25:
 286 0178 20E0      		ldi r18,lo8(0x3f800000)
 287 017a 30E0      		ldi r19,hi8(0x3f800000)
 288 017c 40E8      		ldi r20,hlo8(0x3f800000)
 289 017e 5FE3      		ldi r21,hhi8(0x3f800000)
 290 0180 0E94 0000 		call __ltsf2
 291 0184 8823      		tst r24
 292 0186 04F4      		brge .L43
 293 0188 61E0      		ldi r22,lo8(1)
 294 018a 70E0      		ldi r23,hi8(1)
 295               	.LVL21:
 296 018c 00C0      		rjmp .L22
 297               	.LVL22:
 298               	.L43:
 299               	.LM26:
 300 018e C801      		movw r24,r16
 301 0190 B701      		movw r22,r14
 302 0192 20E0      		ldi r18,lo8(0x477fff00)
 303 0194 3FEF      		ldi r19,hi8(0x477fff00)
 304 0196 4FE7      		ldi r20,hlo8(0x477fff00)
 305 0198 57E4      		ldi r21,hhi8(0x477fff00)
 306 019a 0E94 0000 		call __gtsf2
 307 019e 1816      		cp __zero_reg__,r24
 308 01a0 04F4      		brge .L44
 309               	.LM27:
 310 01a2 C601      		movw r24,r12
 311 01a4 B501      		movw r22,r10
 312 01a6 20E0      		ldi r18,lo8(0x41200000)
 313 01a8 30E0      		ldi r19,hi8(0x41200000)
 314 01aa 40E2      		ldi r20,hlo8(0x41200000)
 315 01ac 51E4      		ldi r21,hhi8(0x41200000)
 316 01ae 0E94 0000 		call __mulsf3
 317 01b2 0E94 0000 		call __fixunssfsi
 318               	.LBB131:
 319               	.LBB132:
 320               	.LM28:
 321 01b6 88EC      		ldi r24,lo8(200)
 322 01b8 90E0      		ldi r25,hi8(200)
 323 01ba 00C0      		rjmp .L25
 324               	.LVL23:
 325               	.L26:
 326 01bc FC01      		movw r30,r24
 327               	/* #APP */
 328               	 ;  105 "c:/winavr-20100110/lib/gcc/../../avr/include/util/delay_basic.h" 1
 329 01be 3197      		1: sbiw r30,1
 330 01c0 01F4      		brne 1b
 331               	 ;  0 "" 2
 332               	/* #NOAPP */
 333               	.LBE132:
 334               	.LBE131:
 335               	.LM29:
 336 01c2 6150      		subi r22,lo8(-(-1))
 337 01c4 7040      		sbci r23,hi8(-(-1))
 338               	.L25:
 339               	.LM30:
 340 01c6 6115      		cp r22,__zero_reg__
 341 01c8 7105      		cpc r23,__zero_reg__
 342 01ca 01F4      		brne .L26
 343 01cc 00C0      		rjmp .L28
 344               	.LVL24:
 345               	.L44:
 346               	.LM31:
 347 01ce C801      		movw r24,r16
 348 01d0 B701      		movw r22,r14
 349 01d2 0E94 0000 		call __fixunssfsi
 350               	.LVL25:
 351               	.L22:
 352               	.LBB133:
 353               	.LBB134:
 354               	.LM32:
 355 01d6 CB01      		movw r24,r22
 356               	.LVL26:
 357               	/* #APP */
 358               	 ;  105 "c:/winavr-20100110/lib/gcc/../../avr/include/util/delay_basic.h" 1
 359 01d8 0197      		1: sbiw r24,1
 360 01da 01F4      		brne 1b
 361               	 ;  0 "" 2
 362               	/* #NOAPP */
 363 01dc 00C0      		rjmp .L28
 364               	.LVL27:
 365               	.L42:
 366               	.LBE134:
 367               	.LBE133:
 368               	.LBE130:
 369               	.LBE129:
 370               	.LM33:
 371 01de C601      		movw r24,r12
 372 01e0 B501      		movw r22,r10
 373 01e2 0E94 0000 		call __fixunssfsi
 374               	.LVL28:
 375               	.L17:
 376               	.LBB135:
 377               	.LBB136:
 378               	.LM34:
 379               	/* #APP */
 380               	 ;  83 "c:/winavr-20100110/lib/gcc/../../avr/include/util/delay_basic.h" 1
 381 01e6 6A95      		1: dec r22
 382 01e8 01F4      		brne 1b
 383               	 ;  0 "" 2
 384               	.LVL29:
 385               	/* #NOAPP */
 386               	.L28:
 387               	/* epilogue start */
 388               	.LBE136:
 389               	.LBE135:
 390               	.LBE128:
 391               	.LBE127:
 392               	.LM35:
 393 01ea 0F90      		pop __tmp_reg__
 394 01ec CF91      		pop r28
 395 01ee DF91      		pop r29
 396 01f0 1F91      		pop r17
 397 01f2 0F91      		pop r16
 398 01f4 FF90      		pop r15
 399 01f6 EF90      		pop r14
 400 01f8 DF90      		pop r13
 401 01fa CF90      		pop r12
 402 01fc BF90      		pop r11
 403 01fe AF90      		pop r10
 404               	.LVL30:
 405 0200 9F90      		pop r9
 406 0202 8F90      		pop r8
 407 0204 7F90      		pop r7
 408 0206 6F90      		pop r6
 409 0208 5F90      		pop r5
 410 020a 4F90      		pop r4
 411 020c 3F90      		pop r3
 412 020e 2F90      		pop r2
 413 0210 0895      		ret
 414               	.LFE6:
 416               	.global	staircaseWave
 418               	staircaseWave:
 419               	.LFB7:
 420               	.LM36:
 421               	.LVL31:
 422               	/* prologue: function */
 423               	/* frame size = 0 */
 424               	.LM37:
 425 0212 9FEF      		ldi r25,lo8(-1)
 426 0214 97BB      		out 55-32,r25
 427               	.LM38:
 428 0216 18BA      		out 56-32,__zero_reg__
 429               	.LBB137:
 430               	.LBB138:
 431               	.LBB139:
 432               	.LBB140:
 433               	.LBB141:
 434               	.LBB142:
 435               	.LM39:
 436 0218 20E9      		ldi r18,lo8(400)
 437 021a 31E0      		ldi r19,hi8(400)
 438 021c F901      		movw r30,r18
 439               	.LVL32:
 440               	/* #APP */
 441               	 ;  105 "c:/winavr-20100110/lib/gcc/../../avr/include/util/delay_basic.h" 1
 442 021e 3197      		1: sbiw r30,1
 443 0220 01F4      		brne 1b
 444               	 ;  0 "" 2
 445               	/* #NOAPP */
 446               	.LBE142:
 447               	.LBE141:
 448               	.LBE140:
 449               	.LBE139:
 450               	.LBE138:
 451               	.LBE137:
 452               	.LM40:
 453 0222 83E3      		ldi r24,lo8(51)
 454               	.LVL33:
 455 0224 88BB      		out 56-32,r24
 456               	.LBB143:
 457               	.LBB144:
 458               	.LBB145:
 459               	.LBB146:
 460               	.LBB147:
 461               	.LBB148:
 462               	.LM41:
 463 0226 F901      		movw r30,r18
 464               	.LVL34:
 465               	/* #APP */
 466               	 ;  105 "c:/winavr-20100110/lib/gcc/../../avr/include/util/delay_basic.h" 1
 467 0228 3197      		1: sbiw r30,1
 468 022a 01F4      		brne 1b
 469               	 ;  0 "" 2
 470               	/* #NOAPP */
 471               	.LBE148:
 472               	.LBE147:
 473               	.LBE146:
 474               	.LBE145:
 475               	.LBE144:
 476               	.LBE143:
 477               	.LM42:
 478 022c 86E6      		ldi r24,lo8(102)
 479 022e 88BB      		out 56-32,r24
 480               	.LBB149:
 481               	.LBB150:
 482               	.LBB151:
 483               	.LBB152:
 484               	.LBB153:
 485               	.LBB154:
 486               	.LM43:
 487 0230 F901      		movw r30,r18
 488               	.LVL35:
 489               	/* #APP */
 490               	 ;  105 "c:/winavr-20100110/lib/gcc/../../avr/include/util/delay_basic.h" 1
 491 0232 3197      		1: sbiw r30,1
 492 0234 01F4      		brne 1b
 493               	 ;  0 "" 2
 494               	/* #NOAPP */
 495               	.LBE154:
 496               	.LBE153:
 497               	.LBE152:
 498               	.LBE151:
 499               	.LBE150:
 500               	.LBE149:
 501               	.LM44:
 502 0236 89E9      		ldi r24,lo8(-103)
 503 0238 88BB      		out 56-32,r24
 504               	.LBB155:
 505               	.LBB156:
 506               	.LBB157:
 507               	.LBB158:
 508               	.LBB159:
 509               	.LBB160:
 510               	.LM45:
 511 023a F901      		movw r30,r18
 512               	.LVL36:
 513               	/* #APP */
 514               	 ;  105 "c:/winavr-20100110/lib/gcc/../../avr/include/util/delay_basic.h" 1
 515 023c 3197      		1: sbiw r30,1
 516 023e 01F4      		brne 1b
 517               	 ;  0 "" 2
 518               	/* #NOAPP */
 519               	.LBE160:
 520               	.LBE159:
 521               	.LBE158:
 522               	.LBE157:
 523               	.LBE156:
 524               	.LBE155:
 525               	.LM46:
 526 0240 8CEC      		ldi r24,lo8(-52)
 527 0242 88BB      		out 56-32,r24
 528               	.LBB161:
 529               	.LBB162:
 530               	.LBB163:
 531               	.LBB164:
 532               	.LBB165:
 533               	.LBB166:
 534               	.LM47:
 535 0244 F901      		movw r30,r18
 536               	.LVL37:
 537               	/* #APP */
 538               	 ;  105 "c:/winavr-20100110/lib/gcc/../../avr/include/util/delay_basic.h" 1
 539 0246 3197      		1: sbiw r30,1
 540 0248 01F4      		brne 1b
 541               	 ;  0 "" 2
 542               	/* #NOAPP */
 543               	.LBE166:
 544               	.LBE165:
 545               	.LBE164:
 546               	.LBE163:
 547               	.LBE162:
 548               	.LBE161:
 549               	.LM48:
 550 024a 98BB      		out 56-32,r25
 551               	.LBB167:
 552               	.LBB168:
 553               	.LBB169:
 554               	.LBB170:
 555               	.LBB171:
 556               	.LBB172:
 557               	.LM49:
 558 024c C901      		movw r24,r18
 559               	.LVL38:
 560               	/* #APP */
 561               	 ;  105 "c:/winavr-20100110/lib/gcc/../../avr/include/util/delay_basic.h" 1
 562 024e 0197      		1: sbiw r24,1
 563 0250 01F4      		brne 1b
 564               	 ;  0 "" 2
 565               	/* epilogue start */
 566               	/* #NOAPP */
 567               	.LBE172:
 568               	.LBE171:
 569               	.LBE170:
 570               	.LBE169:
 571               	.LBE168:
 572               	.LBE167:
 573               	.LM50:
 574 0252 0895      		ret
 575               	.LFE7:
 577               	.global	triangleWave
 579               	triangleWave:
 580               	.LFB8:
 581               	.LM51:
 582               	.LVL39:
 583               	/* prologue: function */
 584               	/* frame size = 0 */
 585               	.LM52:
 586 0254 8FEF      		ldi r24,lo8(-1)
 587               	.LVL40:
 588 0256 87BB      		out 55-32,r24
 589 0258 20E0      		ldi r18,lo8(0)
 590               	.LVL41:
 591               	.LBB173:
 592               	.LBB174:
 593               	.LBB175:
 594               	.LBB176:
 595               	.LBB177:
 596               	.LBB178:
 597               	.LBB179:
 598               	.LM53:
 599 025a 40ED      		ldi r20,lo8(2000)
 600 025c 57E0      		ldi r21,hi8(2000)
 601               	.L48:
 602               	.LBE179:
 603               	.LBE178:
 604               	.LBE177:
 605               	.LBE176:
 606               	.LBE175:
 607               	.LBE174:
 608               	.LM54:
 609 025e 28BB      		out 56-32,r18
 610               	.LBB185:
 611               	.LBB184:
 612               	.LBB183:
 613               	.LBB182:
 614               	.LBB181:
 615               	.LBB180:
 616               	.LM55:
 617 0260 CA01      		movw r24,r20
 618               	.LVL42:
 619               	/* #APP */
 620               	 ;  105 "c:/winavr-20100110/lib/gcc/../../avr/include/util/delay_basic.h" 1
 621 0262 0197      		1: sbiw r24,1
 622 0264 01F4      		brne 1b
 623               	 ;  0 "" 2
 624               	/* #NOAPP */
 625               	.LBE180:
 626               	.LBE181:
 627               	.LBE182:
 628               	.LBE183:
 629               	.LBE184:
 630               	.LBE185:
 631               	.LM56:
 632 0266 2F5F      		subi r18,lo8(-(1))
 633 0268 00C0      		rjmp .L48
 634               	.LBE173:
 635               	.LFE8:
 637               	.global	sineWave
 639               	sineWave:
 640               	.LFB9:
 641               	.LM57:
 642               	.LVL43:
 643               	/* prologue: function */
 644               	/* frame size = 0 */
 645               	.LM58:
 646 026a 8FEF      		ldi r24,lo8(-1)
 647               	.LVL44:
 648 026c 87BB      		out 55-32,r24
 649 026e 90E0      		ldi r25,lo8(0)
 650               	.LVL45:
 651               	.LBB186:
 652               	.LBB187:
 653               	.LBB188:
 654               	.LBB189:
 655               	.LBB190:
 656               	.LM59:
 657 0270 2AE1      		ldi r18,lo8(26)
 658               	.L51:
 659               	.LBE190:
 660               	.LBE189:
 661               	.LBE188:
 662               	.LBE187:
 663               	.LM60:
 664 0272 E92F      		mov r30,r25
 665 0274 F0E0      		ldi r31,lo8(0)
 666               	.LVL46:
 667 0276 E050      		subi r30,lo8(-(sine256))
 668 0278 F040      		sbci r31,hi8(-(sine256))
 669               	.LVL47:
 670 027a 8081      		ld r24,Z
 671 027c 88BB      		out 56-32,r24
 672               	.LBB194:
 673               	.LBB193:
 674               	.LBB192:
 675               	.LBB191:
 676               	.LM61:
 677 027e 822F      		mov r24,r18
 678               	.LVL48:
 679               	/* #APP */
 680               	 ;  83 "c:/winavr-20100110/lib/gcc/../../avr/include/util/delay_basic.h" 1
 681 0280 8A95      		1: dec r24
 682 0282 01F4      		brne 1b
 683               	 ;  0 "" 2
 684               	/* #NOAPP */
 685               	.LBE191:
 686               	.LBE192:
 687               	.LBE193:
 688               	.LBE194:
 689               	.LM62:
 690 0284 9F5F      		subi r25,lo8(-(1))
 691               	.LVL49:
 692 0286 00C0      		rjmp .L51
 693               	.LBE186:
 694               	.LFE9:
 696               		.data
 697               	.LC0:
 698 0000 3E00      		.string	">"
 699               	.LC1:
 700 0002 0D3E 00   		.string	"\r>"
 701               		.text
 702               	.global	WAVE_MainFunction
 704               	WAVE_MainFunction:
 705               	.LFB11:
 706               	.LM63:
 707 0288 0F93      		push r16
 708 028a 1F93      		push r17
 709 028c DF93      		push r29
 710 028e CF93      		push r28
 711 0290 00D0      		rcall .
 712 0292 0F92      		push __tmp_reg__
 713 0294 CDB7      		in r28,__SP_L__
 714 0296 DEB7      		in r29,__SP_H__
 715               	/* prologue: function */
 716               	/* frame size = 3 */
 717               	.LM64:
 718 0298 8091 0000 		lds r24,currentState
 719 029c 8823      		tst r24
 720 029e 01F4      		brne .+2
 721 02a0 00C0      		rjmp .L55
 722 02a2 8130      		cpi r24,lo8(1)
 723 02a4 01F0      		breq .+2
 724 02a6 00C0      		rjmp .L65
 725               	.LM65:
 726 02a8 80E0      		ldi r24,lo8(.LC0)
 727 02aa 90E0      		ldi r25,hi8(.LC0)
 728 02ac 61E0      		ldi r22,lo8(1)
 729 02ae 70E0      		ldi r23,hi8(1)
 730 02b0 0E94 0000 		call UART_SendPayload
 731               	.L57:
 732               	.LM66:
 733 02b4 0E94 0000 		call UART_IsTxComplete
 734 02b8 8823      		tst r24
 735 02ba 01F0      		breq .L57
 736               	.LM67:
 737 02bc 80E0      		ldi r24,lo8(cmd_buffer)
 738 02be 90E0      		ldi r25,hi8(cmd_buffer)
 739 02c0 69E0      		ldi r22,lo8(9)
 740 02c2 70E0      		ldi r23,hi8(9)
 741 02c4 0E94 0000 		call UART_ReceivePayload
 742               	.L58:
 743               	.LM68:
 744 02c8 0E94 0000 		call UART_IsRxComplete
 745 02cc 8823      		tst r24
 746 02ce 01F0      		breq .L58
 747               	.LM69:
 748 02d0 8091 0000 		lds r24,cmd_buffer
 749 02d4 8034      		cpi r24,lo8(64)
 750 02d6 01F4      		brne .L59
 751 02d8 8091 0000 		lds r24,cmd_buffer+8
 752 02dc 8B33      		cpi r24,lo8(59)
 753 02de 01F4      		brne .L59
 754               	.LBB195:
 755               	.LBB196:
 756               	.LM70:
 757 02e0 8091 0000 		lds r24,cmd_buffer+2
 758 02e4 8983      		std Y+1,r24
 759 02e6 8091 0000 		lds r24,cmd_buffer+3
 760 02ea 8A83      		std Y+2,r24
 761 02ec 8091 0000 		lds r24,cmd_buffer+4
 762 02f0 8B83      		std Y+3,r24
 763               	.LBE196:
 764               	.LM71:
 765 02f2 8E01      		movw r16,r28
 766 02f4 0F5F      		subi r16,lo8(-(1))
 767 02f6 1F4F      		sbci r17,hi8(-(1))
 768 02f8 C801      		movw r24,r16
 769 02fa 0E94 0000 		call atoi
 770 02fe 8093 0000 		sts amp_value,r24
 771               	.LBE195:
 772               	.LBB197:
 773               	.LBB198:
 774               	.LM72:
 775 0302 8091 0000 		lds r24,cmd_buffer+5
 776 0306 8983      		std Y+1,r24
 777 0308 8091 0000 		lds r24,cmd_buffer+6
 778 030c 8A83      		std Y+2,r24
 779 030e 8091 0000 		lds r24,cmd_buffer+7
 780 0312 8B83      		std Y+3,r24
 781               	.LBE198:
 782               	.LM73:
 783 0314 C801      		movw r24,r16
 784 0316 0E94 0000 		call atoi
 785 031a 8093 0000 		sts freq_value,r24
 786               	.LBE197:
 787               	.LM74:
 788 031e 8091 0000 		lds r24,cmd_buffer+1
 789 0322 8053      		subi r24,lo8(-(-48))
 790 0324 8093 0000 		sts waveform_index,r24
 791 0328 00C0      		rjmp .L60
 792               	.L59:
 793               	.LM75:
 794 032a E0E0      		ldi r30,lo8(cmd_buffer)
 795 032c F0E0      		ldi r31,hi8(cmd_buffer)
 796               	.L61:
 797               	.LBB199:
 798               	.LM76:
 799 032e 1192      		st Z+,__zero_reg__
 800               	.LM77:
 801 0330 80E0      		ldi r24,hi8(cmd_buffer+9)
 802 0332 E030      		cpi r30,lo8(cmd_buffer+9)
 803 0334 F807      		cpc r31,r24
 804 0336 01F4      		brne .L61
 805               	.L60:
 806               	.LBE199:
 807               	.LM78:
 808 0338 80E0      		ldi r24,lo8(cmd_buffer)
 809 033a 90E0      		ldi r25,hi8(cmd_buffer)
 810 033c 69E0      		ldi r22,lo8(9)
 811 033e 70E0      		ldi r23,hi8(9)
 812 0340 0E94 0000 		call UART_ReceivePayload
 813               	.LM79:
 814 0344 80E0      		ldi r24,lo8(.LC1)
 815 0346 90E0      		ldi r25,hi8(.LC1)
 816 0348 62E0      		ldi r22,lo8(2)
 817 034a 70E0      		ldi r23,hi8(2)
 818 034c 0E94 0000 		call UART_SendPayload
 819               	.L62:
 820               	.LM80:
 821 0350 0E94 0000 		call UART_IsTxComplete
 822 0354 8823      		tst r24
 823 0356 01F0      		breq .L62
 824               	.L55:
 825               	.LM81:
 826 0358 E091 0000 		lds r30,waveform_index
 827 035c E430      		cpi r30,lo8(4)
 828 035e 00F4      		brsh .L63
 829               	.LM82:
 830 0360 F0E0      		ldi r31,lo8(0)
 831 0362 EE0F      		lsl r30
 832 0364 FF1F      		rol r31
 833 0366 E050      		subi r30,lo8(-(waveform))
 834 0368 F040      		sbci r31,hi8(-(waveform))
 835 036a 0190      		ld __tmp_reg__,Z+
 836 036c F081      		ld r31,Z
 837 036e E02D      		mov r30,__tmp_reg__
 838 0370 8091 0000 		lds r24,amp_value
 839 0374 6091 0000 		lds r22,freq_value
 840 0378 0995      		icall
 841               	.L63:
 842               	.LM83:
 843 037a 0E94 0000 		call UART_IsRxComplete
 844 037e 1092 0000 		sts currentState,__zero_reg__
 845 0382 8130      		cpi r24,lo8(1)
 846 0384 01F4      		brne .L65
 847 0386 8093 0000 		sts currentState,r24
 848               	.L65:
 849               	/* epilogue start */
 850               	.LM84:
 851 038a 0F90      		pop __tmp_reg__
 852 038c 0F90      		pop __tmp_reg__
 853 038e 0F90      		pop __tmp_reg__
 854 0390 CF91      		pop r28
 855 0392 DF91      		pop r29
 856 0394 1F91      		pop r17
 857 0396 0F91      		pop r16
 858 0398 0895      		ret
 859               	.LFE11:
 861               	.global	WAVE_Init
 863               	WAVE_Init:
 864               	.LFB10:
 865               	.LM85:
 866 039a DF93      		push r29
 867 039c CF93      		push r28
 868 039e 00D0      		rcall .
 869 03a0 00D0      		rcall .
 870 03a2 0F92      		push __tmp_reg__
 871 03a4 CDB7      		in r28,__SP_L__
 872 03a6 DEB7      		in r29,__SP_H__
 873               	/* prologue: function */
 874               	/* frame size = 5 */
 875               	.LM86:
 876 03a8 83E3      		ldi r24,lo8(51)
 877 03aa 8A83      		std Y+2,r24
 878               	.LM87:
 879 03ac 1982      		std Y+1,__zero_reg__
 880               	.LM88:
 881 03ae 1B82      		std Y+3,__zero_reg__
 882               	.LM89:
 883 03b0 88ED      		ldi r24,lo8(-40)
 884 03b2 8C83      		std Y+4,r24
 885               	.LM90:
 886 03b4 86E8      		ldi r24,lo8(-122)
 887 03b6 8D83      		std Y+5,r24
 888               	.LM91:
 889 03b8 CE01      		movw r24,r28
 890 03ba 0196      		adiw r24,1
 891 03bc 0E94 0000 		call UART_Init
 892 03c0 E0E0      		ldi r30,lo8(cmd_buffer)
 893 03c2 F0E0      		ldi r31,hi8(cmd_buffer)
 894               	.L71:
 895               	.LM92:
 896 03c4 1192      		st Z+,__zero_reg__
 897               	.LM93:
 898 03c6 80E0      		ldi r24,hi8(cmd_buffer+9)
 899 03c8 E030      		cpi r30,lo8(cmd_buffer+9)
 900 03ca F807      		cpc r31,r24
 901 03cc 01F4      		brne .L71
 902               	.LM94:
 903 03ce 80E0      		ldi r24,lo8(gs(squareWave))
 904 03d0 90E0      		ldi r25,hi8(gs(squareWave))
 905 03d2 9093 0000 		sts (waveform)+1,r25
 906 03d6 8093 0000 		sts waveform,r24
 907               	.LM95:
 908 03da 80E0      		ldi r24,lo8(gs(staircaseWave))
 909 03dc 90E0      		ldi r25,hi8(gs(staircaseWave))
 910 03de 9093 0000 		sts (waveform+2)+1,r25
 911 03e2 8093 0000 		sts waveform+2,r24
 912               	.LM96:
 913 03e6 80E0      		ldi r24,lo8(gs(triangleWave))
 914 03e8 90E0      		ldi r25,hi8(gs(triangleWave))
 915 03ea 9093 0000 		sts (waveform+4)+1,r25
 916 03ee 8093 0000 		sts waveform+4,r24
 917               	.LM97:
 918 03f2 80E0      		ldi r24,lo8(gs(sineWave))
 919 03f4 90E0      		ldi r25,hi8(gs(sineWave))
 920 03f6 9093 0000 		sts (waveform+6)+1,r25
 921 03fa 8093 0000 		sts waveform+6,r24
 922               	.LM98:
 923 03fe 81E0      		ldi r24,lo8(1)
 924 0400 8093 0000 		sts currentState,r24
 925               	/* epilogue start */
 926               	.LM99:
 927 0404 0F90      		pop __tmp_reg__
 928 0406 0F90      		pop __tmp_reg__
 929 0408 0F90      		pop __tmp_reg__
 930 040a 0F90      		pop __tmp_reg__
 931 040c 0F90      		pop __tmp_reg__
 932 040e CF91      		pop r28
 933 0410 DF91      		pop r29
 934 0412 0895      		ret
 935               	.LFE10:
 937               	.global	sine256
 938               		.data
 941               	sine256:
 942 0005 7F        		.byte	127
 943 0006 82        		.byte	-126
 944 0007 85        		.byte	-123
 945 0008 88        		.byte	-120
 946 0009 8B        		.byte	-117
 947 000a 8F        		.byte	-113
 948 000b 92        		.byte	-110
 949 000c 95        		.byte	-107
 950 000d 98        		.byte	-104
 951 000e 9B        		.byte	-101
 952 000f 9E        		.byte	-98
 953 0010 A1        		.byte	-95
 954 0011 A4        		.byte	-92
 955 0012 A7        		.byte	-89
 956 0013 AA        		.byte	-86
 957 0014 AD        		.byte	-83
 958 0015 B0        		.byte	-80
 959 0016 B2        		.byte	-78
 960 0017 B5        		.byte	-75
 961 0018 B8        		.byte	-72
 962 0019 BB        		.byte	-69
 963 001a BE        		.byte	-66
 964 001b C0        		.byte	-64
 965 001c C3        		.byte	-61
 966 001d C6        		.byte	-58
 967 001e C8        		.byte	-56
 968 001f CB        		.byte	-53
 969 0020 CD        		.byte	-51
 970 0021 D0        		.byte	-48
 971 0022 D2        		.byte	-46
 972 0023 D4        		.byte	-44
 973 0024 D7        		.byte	-41
 974 0025 D9        		.byte	-39
 975 0026 DB        		.byte	-37
 976 0027 DD        		.byte	-35
 977 0028 DF        		.byte	-33
 978 0029 E1        		.byte	-31
 979 002a E3        		.byte	-29
 980 002b E5        		.byte	-27
 981 002c E7        		.byte	-25
 982 002d E9        		.byte	-23
 983 002e EA        		.byte	-22
 984 002f EC        		.byte	-20
 985 0030 EE        		.byte	-18
 986 0031 EF        		.byte	-17
 987 0032 F0        		.byte	-16
 988 0033 F2        		.byte	-14
 989 0034 F3        		.byte	-13
 990 0035 F4        		.byte	-12
 991 0036 F5        		.byte	-11
 992 0037 F7        		.byte	-9
 993 0038 F8        		.byte	-8
 994 0039 F9        		.byte	-7
 995 003a F9        		.byte	-7
 996 003b FA        		.byte	-6
 997 003c FB        		.byte	-5
 998 003d FC        		.byte	-4
 999 003e FC        		.byte	-4
 1000 003f FD        		.byte	-3
 1001 0040 FD        		.byte	-3
 1002 0041 FD        		.byte	-3
 1003 0042 FE        		.byte	-2
 1004 0043 FE        		.byte	-2
 1005 0044 FE        		.byte	-2
 1006 0045 FE        		.byte	-2
 1007 0046 FE        		.byte	-2
 1008 0047 FE        		.byte	-2
 1009 0048 FE        		.byte	-2
 1010 0049 FD        		.byte	-3
 1011 004a FD        		.byte	-3
 1012 004b FD        		.byte	-3
 1013 004c FC        		.byte	-4
 1014 004d FC        		.byte	-4
 1015 004e FB        		.byte	-5
 1016 004f FA        		.byte	-6
 1017 0050 F9        		.byte	-7
 1018 0051 F9        		.byte	-7
 1019 0052 F8        		.byte	-8
 1020 0053 F7        		.byte	-9
 1021 0054 F5        		.byte	-11
 1022 0055 F4        		.byte	-12
 1023 0056 F3        		.byte	-13
 1024 0057 F2        		.byte	-14
 1025 0058 F0        		.byte	-16
 1026 0059 EF        		.byte	-17
 1027 005a EE        		.byte	-18
 1028 005b EC        		.byte	-20
 1029 005c EA        		.byte	-22
 1030 005d E9        		.byte	-23
 1031 005e E7        		.byte	-25
 1032 005f E5        		.byte	-27
 1033 0060 E3        		.byte	-29
 1034 0061 E1        		.byte	-31
 1035 0062 DF        		.byte	-33
 1036 0063 DD        		.byte	-35
 1037 0064 DB        		.byte	-37
 1038 0065 D9        		.byte	-39
 1039 0066 D7        		.byte	-41
 1040 0067 D4        		.byte	-44
 1041 0068 D2        		.byte	-46
 1042 0069 D0        		.byte	-48
 1043 006a CD        		.byte	-51
 1044 006b CB        		.byte	-53
 1045 006c C8        		.byte	-56
 1046 006d C6        		.byte	-58
 1047 006e C3        		.byte	-61
 1048 006f C0        		.byte	-64
 1049 0070 BE        		.byte	-66
 1050 0071 BB        		.byte	-69
 1051 0072 B8        		.byte	-72
 1052 0073 B5        		.byte	-75
 1053 0074 B2        		.byte	-78
 1054 0075 B0        		.byte	-80
 1055 0076 AD        		.byte	-83
 1056 0077 AA        		.byte	-86
 1057 0078 A7        		.byte	-89
 1058 0079 A4        		.byte	-92
 1059 007a A1        		.byte	-95
 1060 007b 9E        		.byte	-98
 1061 007c 9B        		.byte	-101
 1062 007d 98        		.byte	-104
 1063 007e 95        		.byte	-107
 1064 007f 92        		.byte	-110
 1065 0080 8F        		.byte	-113
 1066 0081 8B        		.byte	-117
 1067 0082 88        		.byte	-120
 1068 0083 85        		.byte	-123
 1069 0084 82        		.byte	-126
 1070 0085 7F        		.byte	127
 1071 0086 7C        		.byte	124
 1072 0087 79        		.byte	121
 1073 0088 76        		.byte	118
 1074 0089 73        		.byte	115
 1075 008a 6F        		.byte	111
 1076 008b 6C        		.byte	108
 1077 008c 69        		.byte	105
 1078 008d 66        		.byte	102
 1079 008e 63        		.byte	99
 1080 008f 60        		.byte	96
 1081 0090 5D        		.byte	93
 1082 0091 5A        		.byte	90
 1083 0092 57        		.byte	87
 1084 0093 54        		.byte	84
 1085 0094 51        		.byte	81
 1086 0095 4E        		.byte	78
 1087 0096 4C        		.byte	76
 1088 0097 49        		.byte	73
 1089 0098 46        		.byte	70
 1090 0099 43        		.byte	67
 1091 009a 40        		.byte	64
 1092 009b 3E        		.byte	62
 1093 009c 3B        		.byte	59
 1094 009d 38        		.byte	56
 1095 009e 36        		.byte	54
 1096 009f 33        		.byte	51
 1097 00a0 31        		.byte	49
 1098 00a1 2E        		.byte	46
 1099 00a2 2C        		.byte	44
 1100 00a3 2A        		.byte	42
 1101 00a4 27        		.byte	39
 1102 00a5 25        		.byte	37
 1103 00a6 23        		.byte	35
 1104 00a7 21        		.byte	33
 1105 00a8 1F        		.byte	31
 1106 00a9 1D        		.byte	29
 1107 00aa 1B        		.byte	27
 1108 00ab 19        		.byte	25
 1109 00ac 17        		.byte	23
 1110 00ad 15        		.byte	21
 1111 00ae 14        		.byte	20
 1112 00af 12        		.byte	18
 1113 00b0 10        		.byte	16
 1114 00b1 0F        		.byte	15
 1115 00b2 0E        		.byte	14
 1116 00b3 0C        		.byte	12
 1117 00b4 0B        		.byte	11
 1118 00b5 0A        		.byte	10
 1119 00b6 09        		.byte	9
 1120 00b7 07        		.byte	7
 1121 00b8 06        		.byte	6
 1122 00b9 05        		.byte	5
 1123 00ba 05        		.byte	5
 1124 00bb 04        		.byte	4
 1125 00bc 03        		.byte	3
 1126 00bd 02        		.byte	2
 1127 00be 02        		.byte	2
 1128 00bf 01        		.byte	1
 1129 00c0 01        		.byte	1
 1130 00c1 01        		.byte	1
 1131 00c2 00        		.byte	0
 1132 00c3 00        		.byte	0
 1133 00c4 00        		.byte	0
 1134 00c5 00        		.byte	0
 1135 00c6 00        		.byte	0
 1136 00c7 00        		.byte	0
 1137 00c8 00        		.byte	0
 1138 00c9 01        		.byte	1
 1139 00ca 01        		.byte	1
 1140 00cb 01        		.byte	1
 1141 00cc 02        		.byte	2
 1142 00cd 02        		.byte	2
 1143 00ce 03        		.byte	3
 1144 00cf 04        		.byte	4
 1145 00d0 05        		.byte	5
 1146 00d1 05        		.byte	5
 1147 00d2 06        		.byte	6
 1148 00d3 07        		.byte	7
 1149 00d4 09        		.byte	9
 1150 00d5 0A        		.byte	10
 1151 00d6 0B        		.byte	11
 1152 00d7 0C        		.byte	12
 1153 00d8 0E        		.byte	14
 1154 00d9 0F        		.byte	15
 1155 00da 10        		.byte	16
 1156 00db 12        		.byte	18
 1157 00dc 14        		.byte	20
 1158 00dd 15        		.byte	21
 1159 00de 17        		.byte	23
 1160 00df 19        		.byte	25
 1161 00e0 1B        		.byte	27
 1162 00e1 1D        		.byte	29
 1163 00e2 1F        		.byte	31
 1164 00e3 21        		.byte	33
 1165 00e4 23        		.byte	35
 1166 00e5 25        		.byte	37
 1167 00e6 27        		.byte	39
 1168 00e7 2A        		.byte	42
 1169 00e8 2C        		.byte	44
 1170 00e9 2E        		.byte	46
 1171 00ea 31        		.byte	49
 1172 00eb 33        		.byte	51
 1173 00ec 36        		.byte	54
 1174 00ed 38        		.byte	56
 1175 00ee 3B        		.byte	59
 1176 00ef 3E        		.byte	62
 1177 00f0 40        		.byte	64
 1178 00f1 43        		.byte	67
 1179 00f2 46        		.byte	70
 1180 00f3 49        		.byte	73
 1181 00f4 4C        		.byte	76
 1182 00f5 4E        		.byte	78
 1183 00f6 51        		.byte	81
 1184 00f7 54        		.byte	84
 1185 00f8 57        		.byte	87
 1186 00f9 5A        		.byte	90
 1187 00fa 5D        		.byte	93
 1188 00fb 60        		.byte	96
 1189 00fc 63        		.byte	99
 1190 00fd 66        		.byte	102
 1191 00fe 69        		.byte	105
 1192 00ff 6C        		.byte	108
 1193 0100 6F        		.byte	111
 1194 0101 73        		.byte	115
 1195 0102 76        		.byte	118
 1196 0103 79        		.byte	121
 1197 0104 7C        		.byte	124
 1198               		.lcomm currentState,1
 1199               		.lcomm amp_value,1
 1200               		.lcomm freq_value,1
 1203               	waveform_index:
 1204 0105 04        		.byte	4
 1205               		.lcomm cmd_buffer,9
 1206               		.lcomm waveform,8
 1271               	.Letext0:
DEFINED SYMBOLS
                            *ABS*:00000000 waveform.c
C:\Users\AHMEDN~1\AppData\Local\Temp/ccuI2FYI.s:2      *ABS*:0000003f __SREG__
C:\Users\AHMEDN~1\AppData\Local\Temp/ccuI2FYI.s:3      *ABS*:0000003e __SP_H__
C:\Users\AHMEDN~1\AppData\Local\Temp/ccuI2FYI.s:4      *ABS*:0000003d __SP_L__
C:\Users\AHMEDN~1\AppData\Local\Temp/ccuI2FYI.s:5      *ABS*:00000034 __CCP__
C:\Users\AHMEDN~1\AppData\Local\Temp/ccuI2FYI.s:6      *ABS*:00000000 __tmp_reg__
C:\Users\AHMEDN~1\AppData\Local\Temp/ccuI2FYI.s:7      *ABS*:00000001 __zero_reg__
C:\Users\AHMEDN~1\AppData\Local\Temp/ccuI2FYI.s:18     .text:00000000 squareWave
C:\Users\AHMEDN~1\AppData\Local\Temp/ccuI2FYI.s:418    .text:00000212 staircaseWave
C:\Users\AHMEDN~1\AppData\Local\Temp/ccuI2FYI.s:579    .text:00000254 triangleWave
C:\Users\AHMEDN~1\AppData\Local\Temp/ccuI2FYI.s:639    .text:0000026a sineWave
C:\Users\AHMEDN~1\AppData\Local\Temp/ccuI2FYI.s:941    .data:00000005 sine256
C:\Users\AHMEDN~1\AppData\Local\Temp/ccuI2FYI.s:704    .text:00000288 WAVE_MainFunction
                             .bss:00000000 currentState
C:\Users\AHMEDN~1\AppData\Local\Temp/ccuI2FYI.s:1200   .bss:00000003 cmd_buffer
C:\Users\AHMEDN~1\AppData\Local\Temp/ccuI2FYI.s:1198   .bss:00000001 amp_value
C:\Users\AHMEDN~1\AppData\Local\Temp/ccuI2FYI.s:1199   .bss:00000002 freq_value
C:\Users\AHMEDN~1\AppData\Local\Temp/ccuI2FYI.s:1203   .data:00000105 waveform_index
C:\Users\AHMEDN~1\AppData\Local\Temp/ccuI2FYI.s:1205   .bss:0000000c waveform
C:\Users\AHMEDN~1\AppData\Local\Temp/ccuI2FYI.s:863    .text:0000039a WAVE_Init

UNDEFINED SYMBOLS
__floatsisf
__mulsf3
__ltsf2
__gtsf2
__divsf3
__fixunssfsi
UART_SendPayload
UART_IsTxComplete
UART_ReceivePayload
UART_IsRxComplete
atoi
UART_Init
__do_copy_data
__do_clear_bss
